<?xml version="1.0" encoding="UTF-8"?>
<testsuite xmlns:xsi="http://www.w3.org/2001/XMLSchema-instance" xsi:noNamespaceSchemaLocation="https://maven.apache.org/surefire/maven-surefire-plugin/xsd/surefire-test-report.xsd" name="com.taskqueue.TaskServiceTest" time="0.394" tests="3" errors="0" skipped="0" failures="0">
  <properties>
    <property name="java.specification.version" value="23"/>
    <property name="sun.jnu.encoding" value="UTF-8"/>
    <property name="java.class.path" value="/Users/Shared/Files From d.localized/SXY240011/My Projects/Distributed Task Queue System/target/test-classes:/Users/Shared/Files From d.localized/SXY240011/My Projects/Distributed Task Queue System/target/classes:/Users/sakshiyawale/.m2/repository/org/springframework/boot/spring-boot-starter-web/2.7.0/spring-boot-starter-web-2.7.0.jar:/Users/sakshiyawale/.m2/repository/org/springframework/boot/spring-boot-starter/2.7.0/spring-boot-starter-2.7.0.jar:/Users/sakshiyawale/.m2/repository/org/springframework/boot/spring-boot/2.7.0/spring-boot-2.7.0.jar:/Users/sakshiyawale/.m2/repository/org/springframework/boot/spring-boot-autoconfigure/2.7.0/spring-boot-autoconfigure-2.7.0.jar:/Users/sakshiyawale/.m2/repository/org/springframework/boot/spring-boot-starter-logging/2.7.0/spring-boot-starter-logging-2.7.0.jar:/Users/sakshiyawale/.m2/repository/ch/qos/logback/logback-classic/1.2.11/logback-classic-1.2.11.jar:/Users/sakshiyawale/.m2/repository/ch/qos/logback/logback-core/1.2.11/logback-core-1.2.11.jar:/Users/sakshiyawale/.m2/repository/org/apache/logging/log4j/log4j-to-slf4j/2.17.2/log4j-to-slf4j-2.17.2.jar:/Users/sakshiyawale/.m2/repository/org/apache/logging/log4j/log4j-api/2.17.2/log4j-api-2.17.2.jar:/Users/sakshiyawale/.m2/repository/org/slf4j/jul-to-slf4j/1.7.36/jul-to-slf4j-1.7.36.jar:/Users/sakshiyawale/.m2/repository/jakarta/annotation/jakarta.annotation-api/1.3.5/jakarta.annotation-api-1.3.5.jar:/Users/sakshiyawale/.m2/repository/org/yaml/snakeyaml/1.30/snakeyaml-1.30.jar:/Users/sakshiyawale/.m2/repository/org/springframework/boot/spring-boot-starter-json/2.7.0/spring-boot-starter-json-2.7.0.jar:/Users/sakshiyawale/.m2/repository/com/fasterxml/jackson/datatype/jackson-datatype-jdk8/2.13.3/jackson-datatype-jdk8-2.13.3.jar:/Users/sakshiyawale/.m2/repository/com/fasterxml/jackson/module/jackson-module-parameter-names/2.13.3/jackson-module-parameter-names-2.13.3.jar:/Users/sakshiyawale/.m2/repository/org/springframework/boot/spring-boot-starter-tomcat/2.7.0/spring-boot-starter-tomcat-2.7.0.jar:/Users/sakshiyawale/.m2/repository/org/apache/tomcat/embed/tomcat-embed-core/9.0.63/tomcat-embed-core-9.0.63.jar:/Users/sakshiyawale/.m2/repository/org/apache/tomcat/embed/tomcat-embed-el/9.0.63/tomcat-embed-el-9.0.63.jar:/Users/sakshiyawale/.m2/repository/org/apache/tomcat/embed/tomcat-embed-websocket/9.0.63/tomcat-embed-websocket-9.0.63.jar:/Users/sakshiyawale/.m2/repository/org/springframework/spring-web/5.3.20/spring-web-5.3.20.jar:/Users/sakshiyawale/.m2/repository/org/springframework/spring-beans/5.3.20/spring-beans-5.3.20.jar:/Users/sakshiyawale/.m2/repository/org/springframework/spring-webmvc/5.3.20/spring-webmvc-5.3.20.jar:/Users/sakshiyawale/.m2/repository/org/springframework/spring-expression/5.3.20/spring-expression-5.3.20.jar:/Users/sakshiyawale/.m2/repository/org/springframework/boot/spring-boot-starter-websocket/2.7.0/spring-boot-starter-websocket-2.7.0.jar:/Users/sakshiyawale/.m2/repository/org/springframework/spring-messaging/5.3.20/spring-messaging-5.3.20.jar:/Users/sakshiyawale/.m2/repository/org/springframework/spring-websocket/5.3.20/spring-websocket-5.3.20.jar:/Users/sakshiyawale/.m2/repository/org/springframework/kafka/spring-kafka/2.8.6/spring-kafka-2.8.6.jar:/Users/sakshiyawale/.m2/repository/org/springframework/spring-context/5.3.20/spring-context-5.3.20.jar:/Users/sakshiyawale/.m2/repository/org/springframework/spring-tx/5.3.20/spring-tx-5.3.20.jar:/Users/sakshiyawale/.m2/repository/org/springframework/retry/spring-retry/1.3.3/spring-retry-1.3.3.jar:/Users/sakshiyawale/.m2/repository/org/apache/kafka/kafka-clients/3.1.1/kafka-clients-3.1.1.jar:/Users/sakshiyawale/.m2/repository/com/github/luben/zstd-jni/1.5.0-4/zstd-jni-1.5.0-4.jar:/Users/sakshiyawale/.m2/repository/org/lz4/lz4-java/1.8.0/lz4-java-1.8.0.jar:/Users/sakshiyawale/.m2/repository/org/xerial/snappy/snappy-java/1.1.8.4/snappy-java-1.1.8.4.jar:/Users/sakshiyawale/.m2/repository/org/slf4j/slf4j-api/1.7.36/slf4j-api-1.7.36.jar:/Users/sakshiyawale/.m2/repository/com/google/code/findbugs/jsr305/3.0.2/jsr305-3.0.2.jar:/Users/sakshiyawale/.m2/repository/org/springframework/boot/spring-boot-starter-data-redis/2.7.0/spring-boot-starter-data-redis-2.7.0.jar:/Users/sakshiyawale/.m2/repository/org/springframework/data/spring-data-redis/2.7.0/spring-data-redis-2.7.0.jar:/Users/sakshiyawale/.m2/repository/org/springframework/data/spring-data-keyvalue/2.7.0/spring-data-keyvalue-2.7.0.jar:/Users/sakshiyawale/.m2/repository/org/springframework/spring-oxm/5.3.20/spring-oxm-5.3.20.jar:/Users/sakshiyawale/.m2/repository/org/springframework/spring-context-support/5.3.20/spring-context-support-5.3.20.jar:/Users/sakshiyawale/.m2/repository/io/lettuce/lettuce-core/6.1.8.RELEASE/lettuce-core-6.1.8.RELEASE.jar:/Users/sakshiyawale/.m2/repository/io/netty/netty-common/4.1.77.Final/netty-common-4.1.77.Final.jar:/Users/sakshiyawale/.m2/repository/io/netty/netty-handler/4.1.77.Final/netty-handler-4.1.77.Final.jar:/Users/sakshiyawale/.m2/repository/io/netty/netty-resolver/4.1.77.Final/netty-resolver-4.1.77.Final.jar:/Users/sakshiyawale/.m2/repository/io/netty/netty-buffer/4.1.77.Final/netty-buffer-4.1.77.Final.jar:/Users/sakshiyawale/.m2/repository/io/netty/netty-codec/4.1.77.Final/netty-codec-4.1.77.Final.jar:/Users/sakshiyawale/.m2/repository/io/netty/netty-transport/4.1.77.Final/netty-transport-4.1.77.Final.jar:/Users/sakshiyawale/.m2/repository/io/projectreactor/reactor-core/3.4.18/reactor-core-3.4.18.jar:/Users/sakshiyawale/.m2/repository/org/reactivestreams/reactive-streams/1.0.3/reactive-streams-1.0.3.jar:/Users/sakshiyawale/.m2/repository/com/fasterxml/jackson/core/jackson-databind/2.13.3/jackson-databind-2.13.3.jar:/Users/sakshiyawale/.m2/repository/com/fasterxml/jackson/core/jackson-core/2.13.3/jackson-core-2.13.3.jar:/Users/sakshiyawale/.m2/repository/com/fasterxml/jackson/datatype/jackson-datatype-jsr310/2.13.3/jackson-datatype-jsr310-2.13.3.jar:/Users/sakshiyawale/.m2/repository/com/fasterxml/jackson/core/jackson-annotations/2.13.3/jackson-annotations-2.13.3.jar:/Users/sakshiyawale/.m2/repository/org/projectlombok/lombok/1.18.24/lombok-1.18.24.jar:/Users/sakshiyawale/.m2/repository/org/springframework/boot/spring-boot-starter-test/2.7.0/spring-boot-starter-test-2.7.0.jar:/Users/sakshiyawale/.m2/repository/org/springframework/boot/spring-boot-test/2.7.0/spring-boot-test-2.7.0.jar:/Users/sakshiyawale/.m2/repository/org/springframework/boot/spring-boot-test-autoconfigure/2.7.0/spring-boot-test-autoconfigure-2.7.0.jar:/Users/sakshiyawale/.m2/repository/com/jayway/jsonpath/json-path/2.7.0/json-path-2.7.0.jar:/Users/sakshiyawale/.m2/repository/net/minidev/json-smart/2.4.8/json-smart-2.4.8.jar:/Users/sakshiyawale/.m2/repository/net/minidev/accessors-smart/2.4.8/accessors-smart-2.4.8.jar:/Users/sakshiyawale/.m2/repository/org/ow2/asm/asm/9.1/asm-9.1.jar:/Users/sakshiyawale/.m2/repository/jakarta/xml/bind/jakarta.xml.bind-api/2.3.3/jakarta.xml.bind-api-2.3.3.jar:/Users/sakshiyawale/.m2/repository/jakarta/activation/jakarta.activation-api/1.2.2/jakarta.activation-api-1.2.2.jar:/Users/sakshiyawale/.m2/repository/org/assertj/assertj-core/3.22.0/assertj-core-3.22.0.jar:/Users/sakshiyawale/.m2/repository/org/hamcrest/hamcrest/2.2/hamcrest-2.2.jar:/Users/sakshiyawale/.m2/repository/org/junit/jupiter/junit-jupiter/5.8.2/junit-jupiter-5.8.2.jar:/Users/sakshiyawale/.m2/repository/org/junit/jupiter/junit-jupiter-params/5.8.2/junit-jupiter-params-5.8.2.jar:/Users/sakshiyawale/.m2/repository/org/junit/jupiter/junit-jupiter-engine/5.8.2/junit-jupiter-engine-5.8.2.jar:/Users/sakshiyawale/.m2/repository/org/junit/platform/junit-platform-engine/1.8.2/junit-platform-engine-1.8.2.jar:/Users/sakshiyawale/.m2/repository/org/mockito/mockito-core/4.5.1/mockito-core-4.5.1.jar:/Users/sakshiyawale/.m2/repository/net/bytebuddy/byte-buddy/1.12.10/byte-buddy-1.12.10.jar:/Users/sakshiyawale/.m2/repository/net/bytebuddy/byte-buddy-agent/1.12.10/byte-buddy-agent-1.12.10.jar:/Users/sakshiyawale/.m2/repository/org/objenesis/objenesis/3.2/objenesis-3.2.jar:/Users/sakshiyawale/.m2/repository/org/mockito/mockito-junit-jupiter/4.5.1/mockito-junit-jupiter-4.5.1.jar:/Users/sakshiyawale/.m2/repository/org/skyscreamer/jsonassert/1.5.0/jsonassert-1.5.0.jar:/Users/sakshiyawale/.m2/repository/com/vaadin/external/google/android-json/0.0.20131108.vaadin1/android-json-0.0.20131108.vaadin1.jar:/Users/sakshiyawale/.m2/repository/org/springframework/spring-core/5.3.20/spring-core-5.3.20.jar:/Users/sakshiyawale/.m2/repository/org/springframework/spring-jcl/5.3.20/spring-jcl-5.3.20.jar:/Users/sakshiyawale/.m2/repository/org/springframework/spring-test/5.3.20/spring-test-5.3.20.jar:/Users/sakshiyawale/.m2/repository/org/xmlunit/xmlunit-core/2.9.0/xmlunit-core-2.9.0.jar:/Users/sakshiyawale/.m2/repository/org/springframework/kafka/spring-kafka-test/2.8.6/spring-kafka-test-2.8.6.jar:/Users/sakshiyawale/.m2/repository/org/apache/zookeeper/zookeeper/3.6.3/zookeeper-3.6.3.jar:/Users/sakshiyawale/.m2/repository/org/apache/zookeeper/zookeeper-jute/3.6.3/zookeeper-jute-3.6.3.jar:/Users/sakshiyawale/.m2/repository/org/apache/yetus/audience-annotations/0.5.0/audience-annotations-0.5.0.jar:/Users/sakshiyawale/.m2/repository/io/netty/netty-transport-native-epoll/4.1.77.Final/netty-transport-native-epoll-4.1.77.Final.jar:/Users/sakshiyawale/.m2/repository/io/netty/netty-transport-native-unix-common/4.1.77.Final/netty-transport-native-unix-common-4.1.77.Final.jar:/Users/sakshiyawale/.m2/repository/io/netty/netty-transport-classes-epoll/4.1.77.Final/netty-transport-classes-epoll-4.1.77.Final.jar:/Users/sakshiyawale/.m2/repository/org/apache/kafka/kafka-clients/3.1.1/kafka-clients-3.1.1-test.jar:/Users/sakshiyawale/.m2/repository/org/apache/kafka/kafka-metadata/3.1.1/kafka-metadata-3.1.1.jar:/Users/sakshiyawale/.m2/repository/org/apache/kafka/kafka-server-common/3.1.1/kafka-server-common-3.1.1.jar:/Users/sakshiyawale/.m2/repository/org/apache/kafka/kafka-raft/3.1.1/kafka-raft-3.1.1.jar:/Users/sakshiyawale/.m2/repository/com/yammer/metrics/metrics-core/2.2.0/metrics-core-2.2.0.jar:/Users/sakshiyawale/.m2/repository/org/apache/kafka/kafka-streams-test-utils/3.1.1/kafka-streams-test-utils-3.1.1.jar:/Users/sakshiyawale/.m2/repository/org/apache/kafka/kafka-streams/3.1.1/kafka-streams-3.1.1.jar:/Users/sakshiyawale/.m2/repository/org/rocksdb/rocksdbjni/6.22.1.1/rocksdbjni-6.22.1.1.jar:/Users/sakshiyawale/.m2/repository/org/apache/kafka/kafka_2.13/3.1.1/kafka_2.13-3.1.1.jar:/Users/sakshiyawale/.m2/repository/org/scala-lang/scala-library/2.13.6/scala-library-2.13.6.jar:/Users/sakshiyawale/.m2/repository/org/apache/kafka/kafka-storage/3.1.1/kafka-storage-3.1.1.jar:/Users/sakshiyawale/.m2/repository/org/apache/kafka/kafka-storage-api/3.1.1/kafka-storage-api-3.1.1.jar:/Users/sakshiyawale/.m2/repository/net/sourceforge/argparse4j/argparse4j/0.7.0/argparse4j-0.7.0.jar:/Users/sakshiyawale/.m2/repository/com/fasterxml/jackson/module/jackson-module-scala_2.13/2.13.3/jackson-module-scala_2.13-2.13.3.jar:/Users/sakshiyawale/.m2/repository/com/thoughtworks/paranamer/paranamer/2.8/paranamer-2.8.jar:/Users/sakshiyawale/.m2/repository/com/fasterxml/jackson/dataformat/jackson-dataformat-csv/2.13.3/jackson-dataformat-csv-2.13.3.jar:/Users/sakshiyawale/.m2/repository/net/sf/jopt-simple/jopt-simple/5.0.4/jopt-simple-5.0.4.jar:/Users/sakshiyawale/.m2/repository/org/bitbucket/b_c/jose4j/0.7.8/jose4j-0.7.8.jar:/Users/sakshiyawale/.m2/repository/org/scala-lang/modules/scala-collection-compat_2.13/2.4.4/scala-collection-compat_2.13-2.4.4.jar:/Users/sakshiyawale/.m2/repository/org/scala-lang/modules/scala-java8-compat_2.13/1.0.0/scala-java8-compat_2.13-1.0.0.jar:/Users/sakshiyawale/.m2/repository/org/scala-lang/scala-reflect/2.13.6/scala-reflect-2.13.6.jar:/Users/sakshiyawale/.m2/repository/com/typesafe/scala-logging/scala-logging_2.13/3.9.3/scala-logging_2.13-3.9.3.jar:/Users/sakshiyawale/.m2/repository/io/dropwizard/metrics/metrics-core/4.2.9/metrics-core-4.2.9.jar:/Users/sakshiyawale/.m2/repository/commons-cli/commons-cli/1.4/commons-cli-1.4.jar:/Users/sakshiyawale/.m2/repository/org/apache/kafka/kafka_2.13/3.1.1/kafka_2.13-3.1.1-test.jar:/Users/sakshiyawale/.m2/repository/org/junit/jupiter/junit-jupiter-api/5.8.2/junit-jupiter-api-5.8.2.jar:/Users/sakshiyawale/.m2/repository/org/opentest4j/opentest4j/1.2.0/opentest4j-1.2.0.jar:/Users/sakshiyawale/.m2/repository/org/junit/platform/junit-platform-commons/1.8.2/junit-platform-commons-1.8.2.jar:/Users/sakshiyawale/.m2/repository/org/apiguardian/apiguardian-api/1.1.2/apiguardian-api-1.1.2.jar:/Users/sakshiyawale/.m2/repository/it/ozimov/embedded-redis/0.7.3/embedded-redis-0.7.3.jar:/Users/sakshiyawale/.m2/repository/com/google/guava/guava/21.0/guava-21.0.jar:/Users/sakshiyawale/.m2/repository/commons-io/commons-io/2.5/commons-io-2.5.jar:/Users/sakshiyawale/.m2/repository/org/slf4j/slf4j-simple/1.7.36/slf4j-simple-1.7.36.jar:/Users/sakshiyawale/.m2/repository/commons-logging/commons-logging/1.2/commons-logging-1.2.jar:/Users/sakshiyawale/.m2/repository/org/springframework/boot/spring-boot-starter-security/2.7.0/spring-boot-starter-security-2.7.0.jar:/Users/sakshiyawale/.m2/repository/org/springframework/spring-aop/5.3.20/spring-aop-5.3.20.jar:/Users/sakshiyawale/.m2/repository/org/springframework/security/spring-security-config/5.7.1/spring-security-config-5.7.1.jar:/Users/sakshiyawale/.m2/repository/org/springframework/security/spring-security-core/5.7.1/spring-security-core-5.7.1.jar:/Users/sakshiyawale/.m2/repository/org/springframework/security/spring-security-crypto/5.7.1/spring-security-crypto-5.7.1.jar:/Users/sakshiyawale/.m2/repository/org/springframework/security/spring-security-web/5.7.1/spring-security-web-5.7.1.jar:/Users/sakshiyawale/.m2/repository/io/jsonwebtoken/jjwt/0.9.1/jjwt-0.9.1.jar:/Users/sakshiyawale/.m2/repository/org/springframework/boot/spring-boot-starter-data-jpa/2.7.0/spring-boot-starter-data-jpa-2.7.0.jar:/Users/sakshiyawale/.m2/repository/org/springframework/boot/spring-boot-starter-aop/2.7.0/spring-boot-starter-aop-2.7.0.jar:/Users/sakshiyawale/.m2/repository/org/aspectj/aspectjweaver/1.9.7/aspectjweaver-1.9.7.jar:/Users/sakshiyawale/.m2/repository/org/springframework/boot/spring-boot-starter-jdbc/2.7.0/spring-boot-starter-jdbc-2.7.0.jar:/Users/sakshiyawale/.m2/repository/com/zaxxer/HikariCP/4.0.3/HikariCP-4.0.3.jar:/Users/sakshiyawale/.m2/repository/org/springframework/spring-jdbc/5.3.20/spring-jdbc-5.3.20.jar:/Users/sakshiyawale/.m2/repository/jakarta/transaction/jakarta.transaction-api/1.3.3/jakarta.transaction-api-1.3.3.jar:/Users/sakshiyawale/.m2/repository/jakarta/persistence/jakarta.persistence-api/2.2.3/jakarta.persistence-api-2.2.3.jar:/Users/sakshiyawale/.m2/repository/org/hibernate/hibernate-core/5.6.9.Final/hibernate-core-5.6.9.Final.jar:/Users/sakshiyawale/.m2/repository/org/jboss/logging/jboss-logging/3.4.3.Final/jboss-logging-3.4.3.Final.jar:/Users/sakshiyawale/.m2/repository/antlr/antlr/2.7.7/antlr-2.7.7.jar:/Users/sakshiyawale/.m2/repository/org/jboss/jandex/2.4.2.Final/jandex-2.4.2.Final.jar:/Users/sakshiyawale/.m2/repository/com/fasterxml/classmate/1.5.1/classmate-1.5.1.jar:/Users/sakshiyawale/.m2/repository/org/hibernate/common/hibernate-commons-annotations/5.1.2.Final/hibernate-commons-annotations-5.1.2.Final.jar:/Users/sakshiyawale/.m2/repository/org/glassfish/jaxb/jaxb-runtime/2.3.6/jaxb-runtime-2.3.6.jar:/Users/sakshiyawale/.m2/repository/org/glassfish/jaxb/txw2/2.3.6/txw2-2.3.6.jar:/Users/sakshiyawale/.m2/repository/com/sun/istack/istack-commons-runtime/3.0.12/istack-commons-runtime-3.0.12.jar:/Users/sakshiyawale/.m2/repository/com/sun/activation/jakarta.activation/1.2.2/jakarta.activation-1.2.2.jar:/Users/sakshiyawale/.m2/repository/org/springframework/data/spring-data-jpa/2.7.0/spring-data-jpa-2.7.0.jar:/Users/sakshiyawale/.m2/repository/org/springframework/data/spring-data-commons/2.7.0/spring-data-commons-2.7.0.jar:/Users/sakshiyawale/.m2/repository/org/springframework/spring-orm/5.3.20/spring-orm-5.3.20.jar:/Users/sakshiyawale/.m2/repository/org/springframework/spring-aspects/5.3.20/spring-aspects-5.3.20.jar:/Users/sakshiyawale/.m2/repository/com/h2database/h2/2.1.212/h2-2.1.212.jar:"/>
    <property name="java.vm.vendor" value="Oracle Corporation"/>
    <property name="sun.arch.data.model" value="64"/>
    <property name="java.vendor.url" value="https://java.oracle.com/"/>
    <property name="os.name" value="Mac OS X"/>
    <property name="java.vm.specification.version" value="23"/>
    <property name="sun.java.launcher" value="SUN_STANDARD"/>
    <property name="user.country" value="US"/>
    <property name="sun.boot.library.path" value="/Library/Java/JavaVirtualMachines/jdk-23.jdk/Contents/Home/lib"/>
    <property name="sun.java.command" value="/Users/Shared/Files From d.localized/SXY240011/My Projects/Distributed Task Queue System/target/surefire/surefirebooter9330215653652000788.jar /Users/Shared/Files From d.localized/SXY240011/My Projects/Distributed Task Queue System/target/surefire 2025-07-07T12-43-11_266-jvmRun1 surefire15698702176647989604tmp surefire_016092060183805358505tmp"/>
    <property name="http.nonProxyHosts" value="local|*.local|169.254/16|*.169.254/16"/>
    <property name="jdk.debug" value="release"/>
    <property name="surefire.test.class.path" value="/Users/Shared/Files From d.localized/SXY240011/My Projects/Distributed Task Queue System/target/test-classes:/Users/Shared/Files From d.localized/SXY240011/My Projects/Distributed Task Queue System/target/classes:/Users/sakshiyawale/.m2/repository/org/springframework/boot/spring-boot-starter-web/2.7.0/spring-boot-starter-web-2.7.0.jar:/Users/sakshiyawale/.m2/repository/org/springframework/boot/spring-boot-starter/2.7.0/spring-boot-starter-2.7.0.jar:/Users/sakshiyawale/.m2/repository/org/springframework/boot/spring-boot/2.7.0/spring-boot-2.7.0.jar:/Users/sakshiyawale/.m2/repository/org/springframework/boot/spring-boot-autoconfigure/2.7.0/spring-boot-autoconfigure-2.7.0.jar:/Users/sakshiyawale/.m2/repository/org/springframework/boot/spring-boot-starter-logging/2.7.0/spring-boot-starter-logging-2.7.0.jar:/Users/sakshiyawale/.m2/repository/ch/qos/logback/logback-classic/1.2.11/logback-classic-1.2.11.jar:/Users/sakshiyawale/.m2/repository/ch/qos/logback/logback-core/1.2.11/logback-core-1.2.11.jar:/Users/sakshiyawale/.m2/repository/org/apache/logging/log4j/log4j-to-slf4j/2.17.2/log4j-to-slf4j-2.17.2.jar:/Users/sakshiyawale/.m2/repository/org/apache/logging/log4j/log4j-api/2.17.2/log4j-api-2.17.2.jar:/Users/sakshiyawale/.m2/repository/org/slf4j/jul-to-slf4j/1.7.36/jul-to-slf4j-1.7.36.jar:/Users/sakshiyawale/.m2/repository/jakarta/annotation/jakarta.annotation-api/1.3.5/jakarta.annotation-api-1.3.5.jar:/Users/sakshiyawale/.m2/repository/org/yaml/snakeyaml/1.30/snakeyaml-1.30.jar:/Users/sakshiyawale/.m2/repository/org/springframework/boot/spring-boot-starter-json/2.7.0/spring-boot-starter-json-2.7.0.jar:/Users/sakshiyawale/.m2/repository/com/fasterxml/jackson/datatype/jackson-datatype-jdk8/2.13.3/jackson-datatype-jdk8-2.13.3.jar:/Users/sakshiyawale/.m2/repository/com/fasterxml/jackson/module/jackson-module-parameter-names/2.13.3/jackson-module-parameter-names-2.13.3.jar:/Users/sakshiyawale/.m2/repository/org/springframework/boot/spring-boot-starter-tomcat/2.7.0/spring-boot-starter-tomcat-2.7.0.jar:/Users/sakshiyawale/.m2/repository/org/apache/tomcat/embed/tomcat-embed-core/9.0.63/tomcat-embed-core-9.0.63.jar:/Users/sakshiyawale/.m2/repository/org/apache/tomcat/embed/tomcat-embed-el/9.0.63/tomcat-embed-el-9.0.63.jar:/Users/sakshiyawale/.m2/repository/org/apache/tomcat/embed/tomcat-embed-websocket/9.0.63/tomcat-embed-websocket-9.0.63.jar:/Users/sakshiyawale/.m2/repository/org/springframework/spring-web/5.3.20/spring-web-5.3.20.jar:/Users/sakshiyawale/.m2/repository/org/springframework/spring-beans/5.3.20/spring-beans-5.3.20.jar:/Users/sakshiyawale/.m2/repository/org/springframework/spring-webmvc/5.3.20/spring-webmvc-5.3.20.jar:/Users/sakshiyawale/.m2/repository/org/springframework/spring-expression/5.3.20/spring-expression-5.3.20.jar:/Users/sakshiyawale/.m2/repository/org/springframework/boot/spring-boot-starter-websocket/2.7.0/spring-boot-starter-websocket-2.7.0.jar:/Users/sakshiyawale/.m2/repository/org/springframework/spring-messaging/5.3.20/spring-messaging-5.3.20.jar:/Users/sakshiyawale/.m2/repository/org/springframework/spring-websocket/5.3.20/spring-websocket-5.3.20.jar:/Users/sakshiyawale/.m2/repository/org/springframework/kafka/spring-kafka/2.8.6/spring-kafka-2.8.6.jar:/Users/sakshiyawale/.m2/repository/org/springframework/spring-context/5.3.20/spring-context-5.3.20.jar:/Users/sakshiyawale/.m2/repository/org/springframework/spring-tx/5.3.20/spring-tx-5.3.20.jar:/Users/sakshiyawale/.m2/repository/org/springframework/retry/spring-retry/1.3.3/spring-retry-1.3.3.jar:/Users/sakshiyawale/.m2/repository/org/apache/kafka/kafka-clients/3.1.1/kafka-clients-3.1.1.jar:/Users/sakshiyawale/.m2/repository/com/github/luben/zstd-jni/1.5.0-4/zstd-jni-1.5.0-4.jar:/Users/sakshiyawale/.m2/repository/org/lz4/lz4-java/1.8.0/lz4-java-1.8.0.jar:/Users/sakshiyawale/.m2/repository/org/xerial/snappy/snappy-java/1.1.8.4/snappy-java-1.1.8.4.jar:/Users/sakshiyawale/.m2/repository/org/slf4j/slf4j-api/1.7.36/slf4j-api-1.7.36.jar:/Users/sakshiyawale/.m2/repository/com/google/code/findbugs/jsr305/3.0.2/jsr305-3.0.2.jar:/Users/sakshiyawale/.m2/repository/org/springframework/boot/spring-boot-starter-data-redis/2.7.0/spring-boot-starter-data-redis-2.7.0.jar:/Users/sakshiyawale/.m2/repository/org/springframework/data/spring-data-redis/2.7.0/spring-data-redis-2.7.0.jar:/Users/sakshiyawale/.m2/repository/org/springframework/data/spring-data-keyvalue/2.7.0/spring-data-keyvalue-2.7.0.jar:/Users/sakshiyawale/.m2/repository/org/springframework/spring-oxm/5.3.20/spring-oxm-5.3.20.jar:/Users/sakshiyawale/.m2/repository/org/springframework/spring-context-support/5.3.20/spring-context-support-5.3.20.jar:/Users/sakshiyawale/.m2/repository/io/lettuce/lettuce-core/6.1.8.RELEASE/lettuce-core-6.1.8.RELEASE.jar:/Users/sakshiyawale/.m2/repository/io/netty/netty-common/4.1.77.Final/netty-common-4.1.77.Final.jar:/Users/sakshiyawale/.m2/repository/io/netty/netty-handler/4.1.77.Final/netty-handler-4.1.77.Final.jar:/Users/sakshiyawale/.m2/repository/io/netty/netty-resolver/4.1.77.Final/netty-resolver-4.1.77.Final.jar:/Users/sakshiyawale/.m2/repository/io/netty/netty-buffer/4.1.77.Final/netty-buffer-4.1.77.Final.jar:/Users/sakshiyawale/.m2/repository/io/netty/netty-codec/4.1.77.Final/netty-codec-4.1.77.Final.jar:/Users/sakshiyawale/.m2/repository/io/netty/netty-transport/4.1.77.Final/netty-transport-4.1.77.Final.jar:/Users/sakshiyawale/.m2/repository/io/projectreactor/reactor-core/3.4.18/reactor-core-3.4.18.jar:/Users/sakshiyawale/.m2/repository/org/reactivestreams/reactive-streams/1.0.3/reactive-streams-1.0.3.jar:/Users/sakshiyawale/.m2/repository/com/fasterxml/jackson/core/jackson-databind/2.13.3/jackson-databind-2.13.3.jar:/Users/sakshiyawale/.m2/repository/com/fasterxml/jackson/core/jackson-core/2.13.3/jackson-core-2.13.3.jar:/Users/sakshiyawale/.m2/repository/com/fasterxml/jackson/datatype/jackson-datatype-jsr310/2.13.3/jackson-datatype-jsr310-2.13.3.jar:/Users/sakshiyawale/.m2/repository/com/fasterxml/jackson/core/jackson-annotations/2.13.3/jackson-annotations-2.13.3.jar:/Users/sakshiyawale/.m2/repository/org/projectlombok/lombok/1.18.24/lombok-1.18.24.jar:/Users/sakshiyawale/.m2/repository/org/springframework/boot/spring-boot-starter-test/2.7.0/spring-boot-starter-test-2.7.0.jar:/Users/sakshiyawale/.m2/repository/org/springframework/boot/spring-boot-test/2.7.0/spring-boot-test-2.7.0.jar:/Users/sakshiyawale/.m2/repository/org/springframework/boot/spring-boot-test-autoconfigure/2.7.0/spring-boot-test-autoconfigure-2.7.0.jar:/Users/sakshiyawale/.m2/repository/com/jayway/jsonpath/json-path/2.7.0/json-path-2.7.0.jar:/Users/sakshiyawale/.m2/repository/net/minidev/json-smart/2.4.8/json-smart-2.4.8.jar:/Users/sakshiyawale/.m2/repository/net/minidev/accessors-smart/2.4.8/accessors-smart-2.4.8.jar:/Users/sakshiyawale/.m2/repository/org/ow2/asm/asm/9.1/asm-9.1.jar:/Users/sakshiyawale/.m2/repository/jakarta/xml/bind/jakarta.xml.bind-api/2.3.3/jakarta.xml.bind-api-2.3.3.jar:/Users/sakshiyawale/.m2/repository/jakarta/activation/jakarta.activation-api/1.2.2/jakarta.activation-api-1.2.2.jar:/Users/sakshiyawale/.m2/repository/org/assertj/assertj-core/3.22.0/assertj-core-3.22.0.jar:/Users/sakshiyawale/.m2/repository/org/hamcrest/hamcrest/2.2/hamcrest-2.2.jar:/Users/sakshiyawale/.m2/repository/org/junit/jupiter/junit-jupiter/5.8.2/junit-jupiter-5.8.2.jar:/Users/sakshiyawale/.m2/repository/org/junit/jupiter/junit-jupiter-params/5.8.2/junit-jupiter-params-5.8.2.jar:/Users/sakshiyawale/.m2/repository/org/junit/jupiter/junit-jupiter-engine/5.8.2/junit-jupiter-engine-5.8.2.jar:/Users/sakshiyawale/.m2/repository/org/junit/platform/junit-platform-engine/1.8.2/junit-platform-engine-1.8.2.jar:/Users/sakshiyawale/.m2/repository/org/mockito/mockito-core/4.5.1/mockito-core-4.5.1.jar:/Users/sakshiyawale/.m2/repository/net/bytebuddy/byte-buddy/1.12.10/byte-buddy-1.12.10.jar:/Users/sakshiyawale/.m2/repository/net/bytebuddy/byte-buddy-agent/1.12.10/byte-buddy-agent-1.12.10.jar:/Users/sakshiyawale/.m2/repository/org/objenesis/objenesis/3.2/objenesis-3.2.jar:/Users/sakshiyawale/.m2/repository/org/mockito/mockito-junit-jupiter/4.5.1/mockito-junit-jupiter-4.5.1.jar:/Users/sakshiyawale/.m2/repository/org/skyscreamer/jsonassert/1.5.0/jsonassert-1.5.0.jar:/Users/sakshiyawale/.m2/repository/com/vaadin/external/google/android-json/0.0.20131108.vaadin1/android-json-0.0.20131108.vaadin1.jar:/Users/sakshiyawale/.m2/repository/org/springframework/spring-core/5.3.20/spring-core-5.3.20.jar:/Users/sakshiyawale/.m2/repository/org/springframework/spring-jcl/5.3.20/spring-jcl-5.3.20.jar:/Users/sakshiyawale/.m2/repository/org/springframework/spring-test/5.3.20/spring-test-5.3.20.jar:/Users/sakshiyawale/.m2/repository/org/xmlunit/xmlunit-core/2.9.0/xmlunit-core-2.9.0.jar:/Users/sakshiyawale/.m2/repository/org/springframework/kafka/spring-kafka-test/2.8.6/spring-kafka-test-2.8.6.jar:/Users/sakshiyawale/.m2/repository/org/apache/zookeeper/zookeeper/3.6.3/zookeeper-3.6.3.jar:/Users/sakshiyawale/.m2/repository/org/apache/zookeeper/zookeeper-jute/3.6.3/zookeeper-jute-3.6.3.jar:/Users/sakshiyawale/.m2/repository/org/apache/yetus/audience-annotations/0.5.0/audience-annotations-0.5.0.jar:/Users/sakshiyawale/.m2/repository/io/netty/netty-transport-native-epoll/4.1.77.Final/netty-transport-native-epoll-4.1.77.Final.jar:/Users/sakshiyawale/.m2/repository/io/netty/netty-transport-native-unix-common/4.1.77.Final/netty-transport-native-unix-common-4.1.77.Final.jar:/Users/sakshiyawale/.m2/repository/io/netty/netty-transport-classes-epoll/4.1.77.Final/netty-transport-classes-epoll-4.1.77.Final.jar:/Users/sakshiyawale/.m2/repository/org/apache/kafka/kafka-clients/3.1.1/kafka-clients-3.1.1-test.jar:/Users/sakshiyawale/.m2/repository/org/apache/kafka/kafka-metadata/3.1.1/kafka-metadata-3.1.1.jar:/Users/sakshiyawale/.m2/repository/org/apache/kafka/kafka-server-common/3.1.1/kafka-server-common-3.1.1.jar:/Users/sakshiyawale/.m2/repository/org/apache/kafka/kafka-raft/3.1.1/kafka-raft-3.1.1.jar:/Users/sakshiyawale/.m2/repository/com/yammer/metrics/metrics-core/2.2.0/metrics-core-2.2.0.jar:/Users/sakshiyawale/.m2/repository/org/apache/kafka/kafka-streams-test-utils/3.1.1/kafka-streams-test-utils-3.1.1.jar:/Users/sakshiyawale/.m2/repository/org/apache/kafka/kafka-streams/3.1.1/kafka-streams-3.1.1.jar:/Users/sakshiyawale/.m2/repository/org/rocksdb/rocksdbjni/6.22.1.1/rocksdbjni-6.22.1.1.jar:/Users/sakshiyawale/.m2/repository/org/apache/kafka/kafka_2.13/3.1.1/kafka_2.13-3.1.1.jar:/Users/sakshiyawale/.m2/repository/org/scala-lang/scala-library/2.13.6/scala-library-2.13.6.jar:/Users/sakshiyawale/.m2/repository/org/apache/kafka/kafka-storage/3.1.1/kafka-storage-3.1.1.jar:/Users/sakshiyawale/.m2/repository/org/apache/kafka/kafka-storage-api/3.1.1/kafka-storage-api-3.1.1.jar:/Users/sakshiyawale/.m2/repository/net/sourceforge/argparse4j/argparse4j/0.7.0/argparse4j-0.7.0.jar:/Users/sakshiyawale/.m2/repository/com/fasterxml/jackson/module/jackson-module-scala_2.13/2.13.3/jackson-module-scala_2.13-2.13.3.jar:/Users/sakshiyawale/.m2/repository/com/thoughtworks/paranamer/paranamer/2.8/paranamer-2.8.jar:/Users/sakshiyawale/.m2/repository/com/fasterxml/jackson/dataformat/jackson-dataformat-csv/2.13.3/jackson-dataformat-csv-2.13.3.jar:/Users/sakshiyawale/.m2/repository/net/sf/jopt-simple/jopt-simple/5.0.4/jopt-simple-5.0.4.jar:/Users/sakshiyawale/.m2/repository/org/bitbucket/b_c/jose4j/0.7.8/jose4j-0.7.8.jar:/Users/sakshiyawale/.m2/repository/org/scala-lang/modules/scala-collection-compat_2.13/2.4.4/scala-collection-compat_2.13-2.4.4.jar:/Users/sakshiyawale/.m2/repository/org/scala-lang/modules/scala-java8-compat_2.13/1.0.0/scala-java8-compat_2.13-1.0.0.jar:/Users/sakshiyawale/.m2/repository/org/scala-lang/scala-reflect/2.13.6/scala-reflect-2.13.6.jar:/Users/sakshiyawale/.m2/repository/com/typesafe/scala-logging/scala-logging_2.13/3.9.3/scala-logging_2.13-3.9.3.jar:/Users/sakshiyawale/.m2/repository/io/dropwizard/metrics/metrics-core/4.2.9/metrics-core-4.2.9.jar:/Users/sakshiyawale/.m2/repository/commons-cli/commons-cli/1.4/commons-cli-1.4.jar:/Users/sakshiyawale/.m2/repository/org/apache/kafka/kafka_2.13/3.1.1/kafka_2.13-3.1.1-test.jar:/Users/sakshiyawale/.m2/repository/org/junit/jupiter/junit-jupiter-api/5.8.2/junit-jupiter-api-5.8.2.jar:/Users/sakshiyawale/.m2/repository/org/opentest4j/opentest4j/1.2.0/opentest4j-1.2.0.jar:/Users/sakshiyawale/.m2/repository/org/junit/platform/junit-platform-commons/1.8.2/junit-platform-commons-1.8.2.jar:/Users/sakshiyawale/.m2/repository/org/apiguardian/apiguardian-api/1.1.2/apiguardian-api-1.1.2.jar:/Users/sakshiyawale/.m2/repository/it/ozimov/embedded-redis/0.7.3/embedded-redis-0.7.3.jar:/Users/sakshiyawale/.m2/repository/com/google/guava/guava/21.0/guava-21.0.jar:/Users/sakshiyawale/.m2/repository/commons-io/commons-io/2.5/commons-io-2.5.jar:/Users/sakshiyawale/.m2/repository/org/slf4j/slf4j-simple/1.7.36/slf4j-simple-1.7.36.jar:/Users/sakshiyawale/.m2/repository/commons-logging/commons-logging/1.2/commons-logging-1.2.jar:/Users/sakshiyawale/.m2/repository/org/springframework/boot/spring-boot-starter-security/2.7.0/spring-boot-starter-security-2.7.0.jar:/Users/sakshiyawale/.m2/repository/org/springframework/spring-aop/5.3.20/spring-aop-5.3.20.jar:/Users/sakshiyawale/.m2/repository/org/springframework/security/spring-security-config/5.7.1/spring-security-config-5.7.1.jar:/Users/sakshiyawale/.m2/repository/org/springframework/security/spring-security-core/5.7.1/spring-security-core-5.7.1.jar:/Users/sakshiyawale/.m2/repository/org/springframework/security/spring-security-crypto/5.7.1/spring-security-crypto-5.7.1.jar:/Users/sakshiyawale/.m2/repository/org/springframework/security/spring-security-web/5.7.1/spring-security-web-5.7.1.jar:/Users/sakshiyawale/.m2/repository/io/jsonwebtoken/jjwt/0.9.1/jjwt-0.9.1.jar:/Users/sakshiyawale/.m2/repository/org/springframework/boot/spring-boot-starter-data-jpa/2.7.0/spring-boot-starter-data-jpa-2.7.0.jar:/Users/sakshiyawale/.m2/repository/org/springframework/boot/spring-boot-starter-aop/2.7.0/spring-boot-starter-aop-2.7.0.jar:/Users/sakshiyawale/.m2/repository/org/aspectj/aspectjweaver/1.9.7/aspectjweaver-1.9.7.jar:/Users/sakshiyawale/.m2/repository/org/springframework/boot/spring-boot-starter-jdbc/2.7.0/spring-boot-starter-jdbc-2.7.0.jar:/Users/sakshiyawale/.m2/repository/com/zaxxer/HikariCP/4.0.3/HikariCP-4.0.3.jar:/Users/sakshiyawale/.m2/repository/org/springframework/spring-jdbc/5.3.20/spring-jdbc-5.3.20.jar:/Users/sakshiyawale/.m2/repository/jakarta/transaction/jakarta.transaction-api/1.3.3/jakarta.transaction-api-1.3.3.jar:/Users/sakshiyawale/.m2/repository/jakarta/persistence/jakarta.persistence-api/2.2.3/jakarta.persistence-api-2.2.3.jar:/Users/sakshiyawale/.m2/repository/org/hibernate/hibernate-core/5.6.9.Final/hibernate-core-5.6.9.Final.jar:/Users/sakshiyawale/.m2/repository/org/jboss/logging/jboss-logging/3.4.3.Final/jboss-logging-3.4.3.Final.jar:/Users/sakshiyawale/.m2/repository/antlr/antlr/2.7.7/antlr-2.7.7.jar:/Users/sakshiyawale/.m2/repository/org/jboss/jandex/2.4.2.Final/jandex-2.4.2.Final.jar:/Users/sakshiyawale/.m2/repository/com/fasterxml/classmate/1.5.1/classmate-1.5.1.jar:/Users/sakshiyawale/.m2/repository/org/hibernate/common/hibernate-commons-annotations/5.1.2.Final/hibernate-commons-annotations-5.1.2.Final.jar:/Users/sakshiyawale/.m2/repository/org/glassfish/jaxb/jaxb-runtime/2.3.6/jaxb-runtime-2.3.6.jar:/Users/sakshiyawale/.m2/repository/org/glassfish/jaxb/txw2/2.3.6/txw2-2.3.6.jar:/Users/sakshiyawale/.m2/repository/com/sun/istack/istack-commons-runtime/3.0.12/istack-commons-runtime-3.0.12.jar:/Users/sakshiyawale/.m2/repository/com/sun/activation/jakarta.activation/1.2.2/jakarta.activation-1.2.2.jar:/Users/sakshiyawale/.m2/repository/org/springframework/data/spring-data-jpa/2.7.0/spring-data-jpa-2.7.0.jar:/Users/sakshiyawale/.m2/repository/org/springframework/data/spring-data-commons/2.7.0/spring-data-commons-2.7.0.jar:/Users/sakshiyawale/.m2/repository/org/springframework/spring-orm/5.3.20/spring-orm-5.3.20.jar:/Users/sakshiyawale/.m2/repository/org/springframework/spring-aspects/5.3.20/spring-aspects-5.3.20.jar:/Users/sakshiyawale/.m2/repository/com/h2database/h2/2.1.212/h2-2.1.212.jar:"/>
    <property name="sun.cpu.endian" value="little"/>
    <property name="user.home" value="/Users/sakshiyawale"/>
    <property name="user.language" value="en"/>
    <property name="java.specification.vendor" value="Oracle Corporation"/>
    <property name="java.version.date" value="2025-01-21"/>
    <property name="java.home" value="/Library/Java/JavaVirtualMachines/jdk-23.jdk/Contents/Home"/>
    <property name="file.separator" value="/"/>
    <property name="basedir" value="/Users/Shared/Files From d.localized/SXY240011/My Projects/Distributed Task Queue System"/>
    <property name="java.vm.compressedOopsMode" value="Zero based"/>
    <property name="line.separator" value="&#10;"/>
    <property name="java.vm.specification.vendor" value="Oracle Corporation"/>
    <property name="java.specification.name" value="Java Platform API Specification"/>
    <property name="apple.awt.application.name" value="ForkedBooter"/>
    <property name="surefire.real.class.path" value="/Users/Shared/Files From d.localized/SXY240011/My Projects/Distributed Task Queue System/target/surefire/surefirebooter9330215653652000788.jar"/>
    <property name="sun.management.compiler" value="HotSpot 64-Bit Tiered Compilers"/>
    <property name="ftp.nonProxyHosts" value="local|*.local|169.254/16|*.169.254/16"/>
    <property name="java.runtime.version" value="23.0.2+7-58"/>
    <property name="user.name" value="sakshiyawale"/>
    <property name="stdout.encoding" value="UTF-8"/>
    <property name="path.separator" value=":"/>
    <property name="os.version" value="15.3"/>
    <property name="java.runtime.name" value="Java(TM) SE Runtime Environment"/>
    <property name="file.encoding" value="UTF-8"/>
    <property name="java.vm.name" value="Java HotSpot(TM) 64-Bit Server VM"/>
    <property name="localRepository" value="/Users/sakshiyawale/.m2/repository"/>
    <property name="java.vendor.url.bug" value="https://bugreport.java.com/bugreport/"/>
    <property name="java.io.tmpdir" value="/var/folders/4h/wctrxdvn6cqdxqv3r43ks1_w0000gn/T/"/>
    <property name="java.version" value="23.0.2"/>
    <property name="user.dir" value="/Users/Shared/Files From d.localized/SXY240011/My Projects/Distributed Task Queue System"/>
    <property name="os.arch" value="aarch64"/>
    <property name="java.vm.specification.name" value="Java Virtual Machine Specification"/>
    <property name="native.encoding" value="UTF-8"/>
    <property name="java.library.path" value="/Users/sakshiyawale/Library/Java/Extensions:/Library/Java/Extensions:/Network/Library/Java/Extensions:/System/Library/Java/Extensions:/usr/lib/java:."/>
    <property name="java.vm.info" value="mixed mode, sharing"/>
    <property name="stderr.encoding" value="UTF-8"/>
    <property name="java.vendor" value="Oracle Corporation"/>
    <property name="java.vm.version" value="23.0.2+7-58"/>
    <property name="sun.io.unicode.encoding" value="UnicodeBig"/>
    <property name="socksNonProxyHosts" value="local|*.local|169.254/16|*.169.254/16"/>
    <property name="java.class.version" value="67.0"/>
  </properties>
  <testcase name="testGetTask" classname="com.taskqueue.TaskServiceTest" time="0.366"/>
  <testcase name="testGetTaskNotFound" classname="com.taskqueue.TaskServiceTest" time="0.001"/>
  <testcase name="testSubmitTask" classname="com.taskqueue.TaskServiceTest" time="0.02"/>
</testsuite>